<?xml version="1.0" encoding="UTF-8"?>
<testsuite xmlns:xsi="http://www.w3.org/2001/XMLSchema-instance" xsi:noNamespaceSchemaLocation="https://maven.apache.org/surefire/maven-surefire-plugin/xsd/surefire-test-report-3.0.xsd" version="3.0" name="com.phyzicsz.milo.core.MiloRenderServiceTest" time="0.938" tests="5" errors="0" skipped="0" failures="0">
  <properties>
[...]
</properties>
  <testcase name="testHostileSymbology" classname="com.phyzicsz.milo.core.MiloRenderServiceTest" time="0.521"/>
  <testcase name="testNeutralSymbology" classname="com.phyzicsz.milo.core.MiloRenderServiceTest" time="0.05"/>
  <testcase name="testFriendlySymbology" classname="com.phyzicsz.milo.core.MiloRenderServiceTest" time="0.111"/>
  <testcase name="testUnknownSymbology" classname="com.phyzicsz.milo.core.MiloRenderServiceTest" time="0.159"/>
  <testcase name="testSetDefaultSymbologyStandard" classname="com.phyzicsz.milo.core.MiloRenderServiceTest" time="0.024"/>
</testsuite>